Removed Pin From Net: NetName=3.3V+ Pin=C1-1
Removed Pin From Net: NetName=GND Pin=D5-1
Removed Pin From Net: NetName=D+ Pin=D5-3
Removed Pin From Net: NetName=GND Pin=D6-1
Removed Pin From Net: NetName=D- Pin=D6-3
Removed Pin From Net: NetName=3.3V+ Pin=U2-5
Removed Pin From Net: NetName=3.3V+ Pin=U2-8
Removed Member From Class: ClassName=POW Member=D5
Removed Member From Class: ClassName=POW Member=D6
Change component parameters. Clean all parameters for all variants
Change component parameters (AddParameter): Name = "LatestRevisionDate"; Value = "29-May-2009"; VariantName = "[No Variations]"
Change component parameters (AddParameter): Name = "LatestRevisionNote"; Value = "IPC-7351 Footprint Added."; VariantName = "[No Variations]"
Change component parameters (AddParameter): Name = "PackageDescription"; Value = "Chip Resistor"; VariantName = "[No Variations]"
Change component parameters (AddParameter): Name = "PackageReference"; Value = "J1-0603"; VariantName = "[No Variations]"
Change component parameters (AddParameter): Name = "Published"; Value = "8-Jun-2000"; VariantName = "[No Variations]"
Change component parameters (AddParameter): Name = "Publisher"; Value = "Altium Limited"; VariantName = "[No Variations]"
Change component parameters (AddParameter): Name = "Value"; Value = "10K"; VariantName = "[No Variations]"
Added Pin To Net: NetName=VCC Pin=U2-5
Added Pin To Net: NetName=NetC1_1 Pin=C1-1
Added Pin To Net: NetName=NetC1_1 Pin=U2-8
Added Net: Name=NetC1_1
